This file contains any messages produced by compilers while
running configure, to aid debugging if configure makes a mistake.

It was created by jpcre2 configure 10.31.03, which was
generated by GNU Autoconf 2.69.  Invocation command line was

  $ ./configure 

## --------- ##
## Platform. ##
## --------- ##

hostname = debian
uname -m = x86_64
uname -r = 4.19.0-5-amd64
uname -s = Linux
uname -v = #1 SMP Debian 4.19.37-5 (2019-06-19)

/usr/bin/uname -p = unknown
/bin/uname -X     = unknown

/bin/arch              = unknown
/usr/bin/arch -k       = unknown
/usr/convex/getsysinfo = unknown
/usr/bin/hostinfo      = unknown
/bin/machine           = unknown
/usr/bin/oslevel       = unknown
/bin/universe          = unknown

PATH: /usr/local/bin
PATH: /usr/bin
PATH: /bin
PATH: /usr/local/games
PATH: /usr/games


## ----------- ##
## Core tests. ##
## ----------- ##

configure:2724: checking for g++
configure:2740: found /usr/bin/g++
configure:2751: result: g++
configure:2778: checking for C++ compiler version
configure:2787: g++ --version >&5
g++ (Debian 8.3.0-6) 8.3.0
Copyright (C) 2018 Free Software Foundation, Inc.
This is free software; see the source for copying conditions.  There is NO
warranty; not even for MERCHANTABILITY or FITNESS FOR A PARTICULAR PURPOSE.

configure:2798: $? = 0
configure:2787: g++ -v >&5
Using built-in specs.
COLLECT_GCC=g++
COLLECT_LTO_WRAPPER=/usr/lib/gcc/x86_64-linux-gnu/8/lto-wrapper
OFFLOAD_TARGET_NAMES=nvptx-none
OFFLOAD_TARGET_DEFAULT=1
Target: x86_64-linux-gnu
Configured with: ../src/configure -v --with-pkgversion='Debian 8.3.0-6' --with-bugurl=file:///usr/share/doc/gcc-8/README.Bugs --enable-languages=c,ada,c++,go,brig,d,fortran,objc,obj-c++ --prefix=/usr --with-gcc-major-version-only --program-suffix=-8 --program-prefix=x86_64-linux-gnu- --enable-shared --enable-linker-build-id --libexecdir=/usr/lib --without-included-gettext --enable-threads=posix --libdir=/usr/lib --enable-nls --enable-bootstrap --enable-clocale=gnu --enable-libstdcxx-debug --enable-libstdcxx-time=yes --with-default-libstdcxx-abi=new --enable-gnu-unique-object --disable-vtable-verify --enable-libmpx --enable-plugin --enable-default-pie --with-system-zlib --with-target-system-zlib --enable-objc-gc=auto --enable-multiarch --disable-werror --with-arch-32=i686 --with-abi=m64 --with-multilib-list=m32,m64,mx32 --enable-multilib --with-tune=generic --enable-offload-targets=nvptx-none --without-cuda-driver --enable-checking=release --build=x86_64-linux-gnu --host=x86_64-linux-gnu --target=x86_64-linux-gnu
Thread model: posix
gcc version 8.3.0 (Debian 8.3.0-6) 
configure:2798: $? = 0
configure:2787: g++ -V >&5
g++: error: unrecognized command line option '-V'
g++: fatal error: no input files
compilation terminated.
configure:2798: $? = 1
configure:2787: g++ -qversion >&5
g++: error: unrecognized command line option '-qversion'; did you mean '--version'?
g++: fatal error: no input files
compilation terminated.
configure:2798: $? = 1
configure:2818: checking whether the C++ compiler works
configure:2840: g++    conftest.cpp  >&5
configure:2844: $? = 0
configure:2892: result: yes
configure:2895: checking for C++ compiler default output file name
configure:2897: result: a.out
configure:2903: checking for suffix of executables
configure:2910: g++ -o conftest    conftest.cpp  >&5
configure:2914: $? = 0
configure:2936: result: 
configure:2958: checking whether we are cross compiling
configure:2966: g++ -o conftest    conftest.cpp  >&5
configure:2970: $? = 0
configure:2977: ./conftest
configure:2981: $? = 0
configure:2969: result: no
configure:2974: checking for suffix of object files
configure:2996: g++ -c   conftest.cpp >&5
configure:3000: $? = 0
configure:3021: result: o
configure:3025: checking whether we are using the GNU C++ compiler
configure:3044: g++ -c   conftest.cpp >&5
configure:3044: $? = 0
configure:3053: result: yes
configure:3062: checking whether g++ accepts -g
configure:3082: g++ -c -g  conftest.cpp >&5
configure:3082: $? = 0
configure:3123: result: yes
configure:3169: checking for a BSD-compatible install
configure:3237: result: /usr/bin/install -c
configure:3248: checking whether build environment is sane
configure:3303: result: yes
configure:3452: checking for a thread-safe mkdir -p
configure:3491: result: /bin/mkdir -p
configure:3498: checking for gawk
configure:3514: found /usr/bin/gawk
configure:3525: result: gawk
configure:3536: checking whether make sets $(MAKE)
configure:3558: result: yes
configure:3580: checking whether make supports the include directive
configure:3595: make -f confmf.GNU && cat confinc.out
this is the am__doit target
configure:3598: $? = 0
configure:3617: result: yes (GNU style)
configure:3650: checking whether make supports nested variables
configure:3667: result: yes
configure:3752: checking dependency style of g++
configure:3863: result: gcc3
configure:3929: checking how to run the C++ preprocessor
configure:3956: g++ -E  conftest.cpp
configure:3956: $? = 0
configure:3970: g++ -E  conftest.cpp
conftest.cpp:11:10: fatal error: ac_nonexistent.h: No such file or directory
 #include <ac_nonexistent.h>
          ^~~~~~~~~~~~~~~~~~
compilation terminated.
configure:3970: $? = 1
configure: failed program was:
| /* confdefs.h */
| #define PACKAGE_NAME "jpcre2"
| #define PACKAGE_TARNAME "jpcre2"
| #define PACKAGE_VERSION "10.31.03"
| #define PACKAGE_STRING "jpcre2 10.31.03"
| #define PACKAGE_BUGREPORT "https://github.com/jpcre2/jpcre2/issues"
| #define PACKAGE_URL ""
| #define PACKAGE "jpcre2"
| #define VERSION "10.31.03"
| /* end confdefs.h.  */
| #include <ac_nonexistent.h>
configure:3995: result: g++ -E
configure:4015: g++ -E  conftest.cpp
configure:4015: $? = 0
configure:4029: g++ -E  conftest.cpp
conftest.cpp:11:10: fatal error: ac_nonexistent.h: No such file or directory
 #include <ac_nonexistent.h>
          ^~~~~~~~~~~~~~~~~~
compilation terminated.
configure:4029: $? = 1
configure: failed program was:
| /* confdefs.h */
| #define PACKAGE_NAME "jpcre2"
| #define PACKAGE_TARNAME "jpcre2"
| #define PACKAGE_VERSION "10.31.03"
| #define PACKAGE_STRING "jpcre2 10.31.03"
| #define PACKAGE_BUGREPORT "https://github.com/jpcre2/jpcre2/issues"
| #define PACKAGE_URL ""
| #define PACKAGE "jpcre2"
| #define VERSION "10.31.03"
| /* end confdefs.h.  */
| #include <ac_nonexistent.h>
configure:4058: checking for grep that handles long lines and -e
configure:4116: result: /bin/grep
configure:4121: checking for egrep
configure:4183: result: /bin/grep -E
configure:4188: checking for ANSI C header files
configure:4208: g++ -c -g -O2  conftest.cpp >&5
configure:4208: $? = 0
configure:4281: g++ -o conftest -g -O2   conftest.cpp  >&5
configure:4281: $? = 0
configure:4281: ./conftest
configure:4281: $? = 0
configure:4292: result: yes
configure:4305: checking for sys/types.h
configure:4305: g++ -c -g -O2  conftest.cpp >&5
configure:4305: $? = 0
configure:4305: result: yes
configure:4305: checking for sys/stat.h
configure:4305: g++ -c -g -O2  conftest.cpp >&5
configure:4305: $? = 0
configure:4305: result: yes
configure:4305: checking for stdlib.h
configure:4305: g++ -c -g -O2  conftest.cpp >&5
configure:4305: $? = 0
configure:4305: result: yes
configure:4305: checking for string.h
configure:4305: g++ -c -g -O2  conftest.cpp >&5
configure:4305: $? = 0
configure:4305: result: yes
configure:4305: checking for memory.h
configure:4305: g++ -c -g -O2  conftest.cpp >&5
configure:4305: $? = 0
configure:4305: result: yes
configure:4305: checking for strings.h
configure:4305: g++ -c -g -O2  conftest.cpp >&5
configure:4305: $? = 0
configure:4305: result: yes
configure:4305: checking for inttypes.h
configure:4305: g++ -c -g -O2  conftest.cpp >&5
configure:4305: $? = 0
configure:4305: result: yes
configure:4305: checking for stdint.h
configure:4305: g++ -c -g -O2  conftest.cpp >&5
configure:4305: $? = 0
configure:4305: result: yes
configure:4305: checking for unistd.h
configure:4305: g++ -c -g -O2  conftest.cpp >&5
configure:4305: $? = 0
configure:4305: result: yes
configure:4317: checking for int64_t
configure:4317: g++ -c -g -O2  conftest.cpp >&5
configure:4317: $? = 0
configure:4317: g++ -c -g -O2  conftest.cpp >&5
conftest.cpp: In function 'int main()':
conftest.cpp:59:53: warning: integer overflow in expression of type 'int64_t' {aka 'long int'} results in '-9223372036854775808' [-Woverflow]
    < (int64_t) (((((int64_t) 1 << N) << N) - 1) * 2 + 2))];
                 ~~~~~~~~~~~~~~~~~~~~~~~~~~~~~~~~~~~~^~~
conftest.cpp:59:58: error: size of array 'test_array' is negative
    < (int64_t) (((((int64_t) 1 << N) << N) - 1) * 2 + 2))];
                                                          ^
configure:4317: $? = 1
configure: failed program was:
| /* confdefs.h */
| #define PACKAGE_NAME "jpcre2"
| #define PACKAGE_TARNAME "jpcre2"
| #define PACKAGE_VERSION "10.31.03"
| #define PACKAGE_STRING "jpcre2 10.31.03"
| #define PACKAGE_BUGREPORT "https://github.com/jpcre2/jpcre2/issues"
| #define PACKAGE_URL ""
| #define PACKAGE "jpcre2"
| #define VERSION "10.31.03"
| #define STDC_HEADERS 1
| #define HAVE_SYS_TYPES_H 1
| #define HAVE_SYS_STAT_H 1
| #define HAVE_STDLIB_H 1
| #define HAVE_STRING_H 1
| #define HAVE_MEMORY_H 1
| #define HAVE_STRINGS_H 1
| #define HAVE_INTTYPES_H 1
| #define HAVE_STDINT_H 1
| #define HAVE_UNISTD_H 1
| /* end confdefs.h.  */
| #include <stdio.h>
| #ifdef HAVE_SYS_TYPES_H
| # include <sys/types.h>
| #endif
| #ifdef HAVE_SYS_STAT_H
| # include <sys/stat.h>
| #endif
| #ifdef STDC_HEADERS
| # include <stdlib.h>
| # include <stddef.h>
| #else
| # ifdef HAVE_STDLIB_H
| #  include <stdlib.h>
| # endif
| #endif
| #ifdef HAVE_STRING_H
| # if !defined STDC_HEADERS && defined HAVE_MEMORY_H
| #  include <memory.h>
| # endif
| # include <string.h>
| #endif
| #ifdef HAVE_STRINGS_H
| # include <strings.h>
| #endif
| #ifdef HAVE_INTTYPES_H
| # include <inttypes.h>
| #endif
| #ifdef HAVE_STDINT_H
| # include <stdint.h>
| #endif
| #ifdef HAVE_UNISTD_H
| # include <unistd.h>
| #endif
| 	        enum { N = 64 / 2 - 1 };
| int
| main ()
| {
| static int test_array [1 - 2 * !((int64_t) (((((int64_t) 1 << N) << N) - 1) * 2 + 1)
| 		 < (int64_t) (((((int64_t) 1 << N) << N) - 1) * 2 + 2))];
| test_array [0] = 0;
| return test_array [0];
| 
|   ;
|   return 0;
| }
configure:4317: result: yes
configure:4364: checking build system type
configure:4378: result: x86_64-pc-linux-gnu
configure:4398: checking host system type
configure:4411: result: x86_64-pc-linux-gnu
configure:4452: checking how to print strings
configure:4479: result: printf
configure:4548: checking for gcc
configure:4564: found /usr/bin/gcc
configure:4575: result: gcc
configure:4804: checking for C compiler version
configure:4813: gcc --version >&5
gcc (Debian 8.3.0-6) 8.3.0
Copyright (C) 2018 Free Software Foundation, Inc.
This is free software; see the source for copying conditions.  There is NO
warranty; not even for MERCHANTABILITY or FITNESS FOR A PARTICULAR PURPOSE.

configure:4824: $? = 0
configure:4813: gcc -v >&5
Using built-in specs.
COLLECT_GCC=gcc
COLLECT_LTO_WRAPPER=/usr/lib/gcc/x86_64-linux-gnu/8/lto-wrapper
OFFLOAD_TARGET_NAMES=nvptx-none
OFFLOAD_TARGET_DEFAULT=1
Target: x86_64-linux-gnu
Configured with: ../src/configure -v --with-pkgversion='Debian 8.3.0-6' --with-bugurl=file:///usr/share/doc/gcc-8/README.Bugs --enable-languages=c,ada,c++,go,brig,d,fortran,objc,obj-c++ --prefix=/usr --with-gcc-major-version-only --program-suffix=-8 --program-prefix=x86_64-linux-gnu- --enable-shared --enable-linker-build-id --libexecdir=/usr/lib --without-included-gettext --enable-threads=posix --libdir=/usr/lib --enable-nls --enable-bootstrap --enable-clocale=gnu --enable-libstdcxx-debug --enable-libstdcxx-time=yes --with-default-libstdcxx-abi=new --enable-gnu-unique-object --disable-vtable-verify --enable-libmpx --enable-plugin --enable-default-pie --with-system-zlib --with-target-system-zlib --enable-objc-gc=auto --enable-multiarch --disable-werror --with-arch-32=i686 --with-abi=m64 --with-multilib-list=m32,m64,mx32 --enable-multilib --with-tune=generic --enable-offload-targets=nvptx-none --without-cuda-driver --enable-checking=release --build=x86_64-linux-gnu --host=x86_64-linux-gnu --target=x86_64-linux-gnu
Thread model: posix
gcc version 8.3.0 (Debian 8.3.0-6) 
configure:4824: $? = 0
configure:4813: gcc -V >&5
gcc: error: unrecognized command line option '-V'
gcc: fatal error: no input files
compilation terminated.
configure:4824: $? = 1
configure:4813: gcc -qversion >&5
gcc: error: unrecognized command line option '-qversion'; did you mean '--version'?
gcc: fatal error: no input files
compilation terminated.
configure:4824: $? = 1
configure:4828: checking whether we are using the GNU C compiler
configure:4847: gcc -c   conftest.c >&5
configure:4847: $? = 0
configure:4856: result: yes
configure:4865: checking whether gcc accepts -g
configure:4885: gcc -c -g  conftest.c >&5
configure:4885: $? = 0
configure:4926: result: yes
configure:4943: checking for gcc option to accept ISO C89
configure:5006: gcc  -c -g -O2  conftest.c >&5
configure:5006: $? = 0
configure:5019: result: none needed
configure:5044: checking whether gcc understands -c and -o together
configure:5066: gcc -c conftest.c -o conftest2.o
configure:5069: $? = 0
configure:5066: gcc -c conftest.c -o conftest2.o
configure:5069: $? = 0
configure:5081: result: yes
configure:5100: checking dependency style of gcc
configure:5211: result: gcc3
configure:5226: checking for a sed that does not truncate output
configure:5290: result: /bin/sed
configure:5308: checking for fgrep
configure:5370: result: /bin/grep -F
configure:5405: checking for ld used by gcc
configure:5472: result: /usr/bin/ld
configure:5479: checking if the linker (/usr/bin/ld) is GNU ld
configure:5494: result: yes
configure:5506: checking for BSD- or MS-compatible name lister (nm)
configure:5560: result: /usr/bin/nm -B
configure:5690: checking the name lister (/usr/bin/nm -B) interface
configure:5697: g++ -c -g -O2  conftest.cpp >&5
configure:5700: /usr/bin/nm -B "conftest.o"
configure:5703: output
0000000000000000 B some_variable
configure:5704: result: BSD nm
configure:5707: checking whether ln -s works
configure:5711: result: yes
configure:5719: checking the maximum length of command line arguments
configure:5850: result: 1572864
configure:5898: checking how to convert x86_64-pc-linux-gnu file names to x86_64-pc-linux-gnu format
configure:5938: result: func_convert_file_noop
configure:5945: checking how to convert x86_64-pc-linux-gnu file names to toolchain format
configure:5965: result: func_convert_file_noop
configure:5972: checking for /usr/bin/ld option to reload object files
configure:5979: result: -r
configure:6053: checking for objdump
configure:6069: found /usr/bin/objdump
configure:6080: result: objdump
configure:6112: checking how to recognize dependent libraries
configure:6312: result: pass_all
configure:6397: checking for dlltool
configure:6427: result: no
configure:6457: checking how to associate runtime and link libraries
configure:6484: result: printf %s\n
configure:6544: checking for ar
configure:6560: found /usr/bin/ar
configure:6571: result: ar
configure:6608: checking for archiver @FILE support
configure:6625: g++ -c -g -O2  conftest.cpp >&5
configure:6625: $? = 0
configure:6628: ar cru libconftest.a @conftest.lst >&5
ar: `u' modifier ignored since `D' is the default (see `U')
configure:6631: $? = 0
configure:6636: ar cru libconftest.a @conftest.lst >&5
ar: `u' modifier ignored since `D' is the default (see `U')
ar: conftest.o: No such file or directory
configure:6639: $? = 1
configure:6638: result: @
configure:6696: checking for strip
configure:6712: found /usr/bin/strip
configure:6723: result: strip
configure:6795: checking for ranlib
configure:6811: found /usr/bin/ranlib
configure:6822: result: ranlib
configure:6924: checking command to parse /usr/bin/nm -B output from gcc object
configure:7077: g++ -c -g -O2  conftest.cpp >&5
configure:7080: $? = 0
configure:7084: /usr/bin/nm -B conftest.o \| sed -n -e 's/^.*[ ]\([ABCDGIRSTW][ABCDGIRSTW]*\)[ ][ ]*\([_A-Za-z][_A-Za-z0-9]*\)$/\1 \2 \2/p' | sed '/ __gnu_lto/d' \> conftest.nm
configure:7087: $? = 0
configure:7153: g++ -o conftest -g -O2   conftest.cpp conftstm.o >&5
configure:7156: $? = 0
configure:7194: result: ok
configure:7241: checking for sysroot
configure:7271: result: no
configure:7278: checking for a working dd
configure:7316: result: /bin/dd
configure:7320: checking how to truncate binary pipes
configure:7335: result: /bin/dd bs=4096 count=1
configure:7472: g++ -c -g -O2  conftest.cpp >&5
configure:7475: $? = 0
configure:7665: checking for mt
configure:7681: found /bin/mt
configure:7692: result: mt
configure:7715: checking if mt is a manifest tool
configure:7721: mt '-?'
configure:7729: result: no
configure:8403: checking for dlfcn.h
configure:8403: g++ -c -g -O2  conftest.cpp >&5
configure:8403: $? = 0
configure:8403: result: yes
configure:8668: checking for objdir
configure:8683: result: .libs
configure:8947: checking if gcc supports -fno-rtti -fno-exceptions
configure:8965: gcc -c -g -O2  -fno-rtti -fno-exceptions conftest.c >&5
cc1: warning: command line option '-fno-rtti' is valid for C++/ObjC++ but not for C
configure:8969: $? = 0
configure:8982: result: no
configure:9340: checking for gcc option to produce PIC
configure:9347: result: -fPIC -DPIC
configure:9355: checking if gcc PIC flag -fPIC -DPIC works
configure:9373: gcc -c -g -O2  -fPIC -DPIC -DPIC conftest.c >&5
configure:9377: $? = 0
configure:9390: result: yes
configure:9419: checking if gcc static flag -static works
configure:9447: result: yes
configure:9462: checking if gcc supports -c -o file.o
configure:9483: gcc -c -g -O2  -o out/conftest2.o conftest.c >&5
configure:9487: $? = 0
configure:9509: result: yes
configure:9517: checking if gcc supports -c -o file.o
configure:9564: result: yes
configure:9597: checking whether the gcc linker (/usr/bin/ld -m elf_x86_64) supports shared libraries
configure:10860: result: yes
configure:10897: checking whether -lc should be explicitly linked in
configure:10905: gcc -c -g -O2  conftest.c >&5
configure:10908: $? = 0
configure:10923: gcc -shared  -fPIC -DPIC conftest.o  -v -Wl,-soname -Wl,conftest -o conftest 2\>\&1 \| /bin/grep  -lc  \>/dev/null 2\>\&1
configure:10926: $? = 0
configure:10940: result: no
configure:11100: checking dynamic linker characteristics
configure:11681: gcc -o conftest -g -O2   -Wl,-rpath -Wl,/foo conftest.c  >&5
configure:11681: $? = 0
configure:11930: result: GNU/Linux ld.so
configure:12052: checking how to hardcode library paths into programs
configure:12077: result: immediate
configure:12625: checking whether stripping libraries is possible
configure:12630: result: yes
configure:12665: checking if libtool supports shared libraries
configure:12667: result: yes
configure:12670: checking whether to build shared libraries
configure:12695: result: yes
configure:12698: checking whether to build static libraries
configure:12702: result: yes
configure:9501: checking how to run the C++ preprocessor
configure:9567: result: g++ -E
configure:9587: g++ -E  conftest.cpp
configure:9587: $? = 0
configure:9601: g++ -E  conftest.cpp
conftest.cpp:23:10: fatal error: ac_nonexistent.h: No such file or directory
 #include <ac_nonexistent.h>
          ^~~~~~~~~~~~~~~~~~
compilation terminated.
configure:9601: $? = 1
configure: failed program was:
| /* confdefs.h */
| #define PACKAGE_NAME "jpcre2"
| #define PACKAGE_TARNAME "jpcre2"
| #define PACKAGE_VERSION "10.31.03"
| #define PACKAGE_STRING "jpcre2 10.31.03"
| #define PACKAGE_BUGREPORT "https://github.com/jpcre2/jpcre2/issues"
| #define PACKAGE_URL ""
| #define PACKAGE "jpcre2"
| #define VERSION "10.31.03"
| #define STDC_HEADERS 1
| #define HAVE_SYS_TYPES_H 1
| #define HAVE_SYS_STAT_H 1
| #define HAVE_STDLIB_H 1
| #define HAVE_STRING_H 1
| #define HAVE_MEMORY_H 1
| #define HAVE_STRINGS_H 1
| #define HAVE_INTTYPES_H 1
| #define HAVE_STDINT_H 1
| #define HAVE_UNISTD_H 1
| #define HAVE_DLFCN_H 1
| #define LT_OBJDIR ".libs/"
| /* end confdefs.h.  */
| #include <ac_nonexistent.h>
configure:9763: checking for ld used by g++
configure:9830: result: /usr/bin/ld -m elf_x86_64
configure:9837: checking if the linker (/usr/bin/ld -m elf_x86_64) is GNU ld
configure:9852: result: yes
configure:9907: checking whether the g++ linker (/usr/bin/ld -m elf_x86_64) supports shared libraries
configure:10980: result: yes
configure:11016: g++ -c -g -O2  conftest.cpp >&5
configure:11019: $? = 0
configure:11500: checking for g++ option to produce PIC
configure:11507: result: -fPIC -DPIC
configure:11515: checking if g++ PIC flag -fPIC -DPIC works
configure:11533: g++ -c -g -O2  -fPIC -DPIC -DPIC conftest.cpp >&5
configure:11537: $? = 0
configure:11550: result: yes
configure:11573: checking if g++ static flag -static works
configure:11601: result: yes
configure:11613: checking if g++ supports -c -o file.o
configure:11634: g++ -c -g -O2  -o out/conftest2.o conftest.cpp >&5
configure:11638: $? = 0
configure:11660: result: yes
configure:11665: checking if g++ supports -c -o file.o
configure:11712: result: yes
configure:11742: checking whether the g++ linker (/usr/bin/ld -m elf_x86_64) supports shared libraries
configure:11785: result: yes
configure:11926: checking dynamic linker characteristics
configure:12683: result: GNU/Linux ld.so
configure:12748: checking how to hardcode library paths into programs
configure:12773: result: immediate
configure:11673: checking for stdbool.h that conforms to C99
configure:11740: g++ -c -g -O2  conftest.cpp >&5
conftest.cpp:26:15: error: expected unqualified-id before string constant
               "error: bool is not defined"
               ^~~~~~~~~~~~~~~~~~~~~~~~~~~~
conftest.cpp:44:48: error: 's' does not name a type
              struct s { _Bool s: 1; _Bool t; } s;
                                                ^
conftest.cpp:54:28: error: 's' was not declared in this scope
              char i[sizeof s.t];
                            ^
conftest.cpp: In function 'int main()':
conftest.cpp:72:24: error: 's' was not declared in this scope
              bool e = &s;
                        ^
conftest.cpp:76:63: error: 'i' was not declared in this scope
              return (!a + !b + !c + !d + !e + !f + !g + !h + !i + !!j + !k + !!l
                                                               ^
configure:11740: $? = 1
configure: failed program was:
| /* confdefs.h */
| #define PACKAGE_NAME "jpcre2"
| #define PACKAGE_TARNAME "jpcre2"
| #define PACKAGE_VERSION "10.31.03"
| #define PACKAGE_STRING "jpcre2 10.31.03"
| #define PACKAGE_BUGREPORT "https://github.com/jpcre2/jpcre2/issues"
| #define PACKAGE_URL ""
| #define PACKAGE "jpcre2"
| #define VERSION "10.31.03"
| #define STDC_HEADERS 1
| #define HAVE_SYS_TYPES_H 1
| #define HAVE_SYS_STAT_H 1
| #define HAVE_STDLIB_H 1
| #define HAVE_STRING_H 1
| #define HAVE_MEMORY_H 1
| #define HAVE_STRINGS_H 1
| #define HAVE_INTTYPES_H 1
| #define HAVE_STDINT_H 1
| #define HAVE_UNISTD_H 1
| #define HAVE_DLFCN_H 1
| #define LT_OBJDIR ".libs/"
| /* end confdefs.h.  */
| 
|              #include <stdbool.h>
|              #ifndef bool
|               "error: bool is not defined"
|              #endif
|              #ifndef false
|               "error: false is not defined"
|              #endif
|              #if false
|               "error: false is not 0"
|              #endif
|              #ifndef true
|               "error: true is not defined"
|              #endif
|              #if true != 1
|               "error: true is not 1"
|              #endif
|              #ifndef __bool_true_false_are_defined
|               "error: __bool_true_false_are_defined is not defined"
|              #endif
| 
|              struct s { _Bool s: 1; _Bool t; } s;
| 
|              char a[true == 1 ? 1 : -1];
|              char b[false == 0 ? 1 : -1];
|              char c[__bool_true_false_are_defined == 1 ? 1 : -1];
|              char d[(bool) 0.5 == true ? 1 : -1];
|              /* See body of main program for 'e'.  */
|              char f[(_Bool) 0.0 == false ? 1 : -1];
|              char g[true];
|              char h[sizeof (_Bool)];
|              char i[sizeof s.t];
|              enum { j = false, k = true, l = false * true, m = true * 256 };
|              /* The following fails for
|                 HP aC++/ANSI C B3910B A.05.55 [Dec 04 2003]. */
|              _Bool n[m];
|              char o[sizeof n == m * sizeof n[0] ? 1 : -1];
|              char p[-1 - (_Bool) 0 < 0 && -1 - (bool) 0 < 0 ? 1 : -1];
|              /* Catch a bug in an HP-UX C compiler.  See
|                 http://gcc.gnu.org/ml/gcc-patches/2003-12/msg02303.html
|                 http://lists.gnu.org/archive/html/bug-coreutils/2005-11/msg00161.html
|               */
|              _Bool q = true;
|              _Bool *pq = &q;
| 
| int
| main ()
| {
| 
|              bool e = &s;
|              *pq |= q;
|              *pq |= ! q;
|              /* Refer to every declared value, to avoid compiler optimizations.  */
|              return (!a + !b + !c + !d + !e + !f + !g + !h + !i + !!j + !k + !!l
|                      + !m + !n + !o + !p + !q + !pq);
| 
|   ;
|   return 0;
| }
configure:11747: result: no
configure:11749: checking for _Bool
configure:11749: g++ -c -g -O2  conftest.cpp >&5
conftest.cpp: In function 'int main()':
conftest.cpp:59:13: error: '_Bool' was not declared in this scope
 if (sizeof (_Bool))
             ^~~~~
conftest.cpp:59:13: note: suggested alternative: 'bool'
 if (sizeof (_Bool))
             ^~~~~
             bool
configure:11749: $? = 1
configure: failed program was:
| /* confdefs.h */
| #define PACKAGE_NAME "jpcre2"
| #define PACKAGE_TARNAME "jpcre2"
| #define PACKAGE_VERSION "10.31.03"
| #define PACKAGE_STRING "jpcre2 10.31.03"
| #define PACKAGE_BUGREPORT "https://github.com/jpcre2/jpcre2/issues"
| #define PACKAGE_URL ""
| #define PACKAGE "jpcre2"
| #define VERSION "10.31.03"
| #define STDC_HEADERS 1
| #define HAVE_SYS_TYPES_H 1
| #define HAVE_SYS_STAT_H 1
| #define HAVE_STDLIB_H 1
| #define HAVE_STRING_H 1
| #define HAVE_MEMORY_H 1
| #define HAVE_STRINGS_H 1
| #define HAVE_INTTYPES_H 1
| #define HAVE_STDINT_H 1
| #define HAVE_UNISTD_H 1
| #define HAVE_DLFCN_H 1
| #define LT_OBJDIR ".libs/"
| /* end confdefs.h.  */
| #include <stdio.h>
| #ifdef HAVE_SYS_TYPES_H
| # include <sys/types.h>
| #endif
| #ifdef HAVE_SYS_STAT_H
| # include <sys/stat.h>
| #endif
| #ifdef STDC_HEADERS
| # include <stdlib.h>
| # include <stddef.h>
| #else
| # ifdef HAVE_STDLIB_H
| #  include <stdlib.h>
| # endif
| #endif
| #ifdef HAVE_STRING_H
| # if !defined STDC_HEADERS && defined HAVE_MEMORY_H
| #  include <memory.h>
| # endif
| # include <string.h>
| #endif
| #ifdef HAVE_STRINGS_H
| # include <strings.h>
| #endif
| #ifdef HAVE_INTTYPES_H
| # include <inttypes.h>
| #endif
| #ifdef HAVE_STDINT_H
| # include <stdint.h>
| #endif
| #ifdef HAVE_UNISTD_H
| # include <unistd.h>
| #endif
| int
| main ()
| {
| if (sizeof (_Bool))
| 	 return 0;
|   ;
|   return 0;
| }
configure:11749: result: no
configure:11760: checking for inline
configure:11776: g++ -c -g -O2  conftest.cpp >&5
configure:11776: $? = 0
configure:11784: result: inline
configure:11802: checking for size_t
configure:11802: g++ -c -g -O2  conftest.cpp >&5
configure:11802: $? = 0
configure:11802: g++ -c -g -O2  conftest.cpp >&5
conftest.cpp: In function 'int main()':
conftest.cpp:59:20: error: expected primary-expression before ')' token
 if (sizeof ((size_t)))
                    ^
configure:11802: $? = 1
configure: failed program was:
| /* confdefs.h */
| #define PACKAGE_NAME "jpcre2"
| #define PACKAGE_TARNAME "jpcre2"
| #define PACKAGE_VERSION "10.31.03"
| #define PACKAGE_STRING "jpcre2 10.31.03"
| #define PACKAGE_BUGREPORT "https://github.com/jpcre2/jpcre2/issues"
| #define PACKAGE_URL ""
| #define PACKAGE "jpcre2"
| #define VERSION "10.31.03"
| #define STDC_HEADERS 1
| #define HAVE_SYS_TYPES_H 1
| #define HAVE_SYS_STAT_H 1
| #define HAVE_STDLIB_H 1
| #define HAVE_STRING_H 1
| #define HAVE_MEMORY_H 1
| #define HAVE_STRINGS_H 1
| #define HAVE_INTTYPES_H 1
| #define HAVE_STDINT_H 1
| #define HAVE_UNISTD_H 1
| #define HAVE_DLFCN_H 1
| #define LT_OBJDIR ".libs/"
| /* end confdefs.h.  */
| #include <stdio.h>
| #ifdef HAVE_SYS_TYPES_H
| # include <sys/types.h>
| #endif
| #ifdef HAVE_SYS_STAT_H
| # include <sys/stat.h>
| #endif
| #ifdef STDC_HEADERS
| # include <stdlib.h>
| # include <stddef.h>
| #else
| # ifdef HAVE_STDLIB_H
| #  include <stdlib.h>
| # endif
| #endif
| #ifdef HAVE_STRING_H
| # if !defined STDC_HEADERS && defined HAVE_MEMORY_H
| #  include <memory.h>
| # endif
| # include <string.h>
| #endif
| #ifdef HAVE_STRINGS_H
| # include <strings.h>
| #endif
| #ifdef HAVE_INTTYPES_H
| # include <inttypes.h>
| #endif
| #ifdef HAVE_STDINT_H
| # include <stdint.h>
| #endif
| #ifdef HAVE_UNISTD_H
| # include <unistd.h>
| #endif
| int
| main ()
| {
| if (sizeof ((size_t)))
| 	    return 0;
|   ;
|   return 0;
| }
configure:11802: result: yes
configure:11813: checking for uint32_t
configure:11813: g++ -c -g -O2  conftest.cpp >&5
configure:11813: $? = 0
configure:11813: result: yes
configure:11829: checking for pcre2.h
configure:11829: g++ -c -g -O2  conftest.cpp >&5
configure:11829: $? = 0
configure:11829: result: yes
configure:11843: checking string usability
configure:11843: g++ -c -g -O2  conftest.cpp >&5
configure:11843: $? = 0
configure:11843: result: yes
configure:11843: checking string presence
configure:11843: g++ -E  conftest.cpp
configure:11843: $? = 0
configure:11843: result: yes
configure:11843: checking for string
configure:11843: result: yes
configure:11843: checking vector usability
configure:11843: g++ -c -g -O2  conftest.cpp >&5
configure:11843: $? = 0
configure:11843: result: yes
configure:11843: checking vector presence
configure:11843: g++ -E  conftest.cpp
configure:11843: $? = 0
configure:11843: result: yes
configure:11843: checking for vector
configure:11843: result: yes
configure:11843: checking map usability
configure:11843: g++ -c -g -O2  conftest.cpp >&5
configure:11843: $? = 0
configure:11843: result: yes
configure:11843: checking map presence
configure:11843: g++ -E  conftest.cpp
configure:11843: $? = 0
configure:11843: result: yes
configure:11843: checking for map
configure:11843: result: yes
configure:11843: checking cstdio usability
configure:11843: g++ -c -g -O2  conftest.cpp >&5
configure:11843: $? = 0
configure:11843: result: yes
configure:11843: checking cstdio presence
configure:11843: g++ -E  conftest.cpp
configure:11843: $? = 0
configure:11843: result: yes
configure:11843: checking for cstdio
configure:11843: result: yes
configure:11843: checking climits usability
configure:11843: g++ -c -g -O2  conftest.cpp >&5
configure:11843: $? = 0
configure:11843: result: yes
configure:11843: checking climits presence
configure:11843: g++ -E  conftest.cpp
configure:11843: $? = 0
configure:11843: result: yes
configure:11843: checking for climits
configure:11843: result: yes
configure:11843: checking cstdlib usability
configure:11843: g++ -c -g -O2  conftest.cpp >&5
configure:11843: $? = 0
configure:11843: result: yes
configure:11843: checking cstdlib presence
configure:11843: g++ -E  conftest.cpp
configure:11843: $? = 0
configure:11843: result: yes
configure:11843: checking for cstdlib
configure:11843: result: yes
configure:11862: checking for free
configure:11862: g++ -o conftest -g -O2   conftest.cpp  >&5
conftest.cpp:52:6: warning: declaration of 'char free()' conflicts with built-in declaration 'void free(void*)' [-Wbuiltin-declaration-mismatch]
 char free ();
      ^~~~
configure:11862: $? = 0
configure:11862: result: yes
configure:11876: checking for CHAR_BIT defined in climits
configure:11898: g++ -c -g -O2  conftest.cpp >&5
configure:11898: $? = 0
configure:11905: result: yes
configure:12291: checking whether make supports nested variables
configure:12308: result: yes
configure:13401: checking that generated files are newer than configure
configure:13407: result: done
configure:13454: creating ./config.status

## ---------------------- ##
## Running config.status. ##
## ---------------------- ##

This file was extended by jpcre2 config.status 10.31.03, which was
generated by GNU Autoconf 2.69.  Invocation command line was

  CONFIG_FILES    = 
  CONFIG_HEADERS  = 
  CONFIG_LINKS    = 
  CONFIG_COMMANDS = 
  $ ./config.status 

on debian

config.status:1087: creating Makefile
config.status:1087: creating src/Makefile
config.status:1259: executing depfiles commands
config.status:1336: cd src       && sed -e '/# am--include-marker/d' Makefile         | make -f - am--depfiles
config.status:1341: $? = 0
config.status:1259: executing libtool commands

## ---------------- ##
## Cache variables. ##
## ---------------- ##

ac_cv_build=x86_64-pc-linux-gnu
ac_cv_c_compiler_gnu=yes
ac_cv_c_inline=inline
ac_cv_c_int64_t=yes
ac_cv_c_uint32_t=yes
ac_cv_cxx_compiler_gnu=yes
ac_cv_defined_CHAR_BIT_climits=yes
ac_cv_env_CCC_set=
ac_cv_env_CCC_value=
ac_cv_env_CC_set=
ac_cv_env_CC_value=
ac_cv_env_CFLAGS_set=
ac_cv_env_CFLAGS_value=
ac_cv_env_CPPFLAGS_set=
ac_cv_env_CPPFLAGS_value=
ac_cv_env_CXXCPP_set=
ac_cv_env_CXXCPP_value=
ac_cv_env_CXXFLAGS_set=
ac_cv_env_CXXFLAGS_value=
ac_cv_env_CXX_set=
ac_cv_env_CXX_value=
ac_cv_env_GENHTML_set=
ac_cv_env_GENHTML_value=
ac_cv_env_LCOV_set=
ac_cv_env_LCOV_value=
ac_cv_env_LDFLAGS_set=
ac_cv_env_LDFLAGS_value=
ac_cv_env_LIBS_set=
ac_cv_env_LIBS_value=
ac_cv_env_LT_SYS_LIBRARY_PATH_set=
ac_cv_env_LT_SYS_LIBRARY_PATH_value=
ac_cv_env_VALGRIND_set=
ac_cv_env_VALGRIND_value=
ac_cv_env_build_alias_set=
ac_cv_env_build_alias_value=
ac_cv_env_host_alias_set=
ac_cv_env_host_alias_value=
ac_cv_env_target_alias_set=
ac_cv_env_target_alias_value=
ac_cv_func_free=yes
ac_cv_header_climits=yes
ac_cv_header_cstdio=yes
ac_cv_header_cstdlib=yes
ac_cv_header_dlfcn_h=yes
ac_cv_header_inttypes_h=yes
ac_cv_header_map=yes
ac_cv_header_memory_h=yes
ac_cv_header_pcre2_h=yes
ac_cv_header_stdbool_h=no
ac_cv_header_stdc=yes
ac_cv_header_stdint_h=yes
ac_cv_header_stdlib_h=yes
ac_cv_header_string=yes
ac_cv_header_string_h=yes
ac_cv_header_strings_h=yes
ac_cv_header_sys_stat_h=yes
ac_cv_header_sys_types_h=yes
ac_cv_header_unistd_h=yes
ac_cv_header_vector=yes
ac_cv_host=x86_64-pc-linux-gnu
ac_cv_objext=o
ac_cv_path_EGREP='/bin/grep -E'
ac_cv_path_FGREP='/bin/grep -F'
ac_cv_path_GREP=/bin/grep
ac_cv_path_SED=/bin/sed
ac_cv_path_install='/usr/bin/install -c'
ac_cv_path_lt_DD=/bin/dd
ac_cv_path_mkdir=/bin/mkdir
ac_cv_prog_AWK=gawk
ac_cv_prog_CXXCPP='g++ -E'
ac_cv_prog_ac_ct_AR=ar
ac_cv_prog_ac_ct_CC=gcc
ac_cv_prog_ac_ct_CXX=g++
ac_cv_prog_ac_ct_MANIFEST_TOOL=mt
ac_cv_prog_ac_ct_OBJDUMP=objdump
ac_cv_prog_ac_ct_RANLIB=ranlib
ac_cv_prog_ac_ct_STRIP=strip
ac_cv_prog_cc_c89=
ac_cv_prog_cc_g=yes
ac_cv_prog_cxx_g=yes
ac_cv_prog_make_make_set=yes
ac_cv_type__Bool=no
ac_cv_type_size_t=yes
am_cv_CC_dependencies_compiler_type=gcc3
am_cv_CXX_dependencies_compiler_type=gcc3
am_cv_make_support_nested_variables=yes
am_cv_prog_cc_c_o=yes
lt_cv_ar_at_file=@
lt_cv_archive_cmds_need_lc=no
lt_cv_deplibs_check_method=pass_all
lt_cv_file_magic_cmd='$MAGIC_CMD'
lt_cv_file_magic_test_file=
lt_cv_ld_reload_flag=-r
lt_cv_nm_interface='BSD nm'
lt_cv_objdir=.libs
lt_cv_path_LD=/usr/bin/ld
lt_cv_path_LDCXX='/usr/bin/ld -m elf_x86_64'
lt_cv_path_NM='/usr/bin/nm -B'
lt_cv_path_mainfest_tool=no
lt_cv_prog_compiler_c_o=yes
lt_cv_prog_compiler_c_o_CXX=yes
lt_cv_prog_compiler_pic='-fPIC -DPIC'
lt_cv_prog_compiler_pic_CXX='-fPIC -DPIC'
lt_cv_prog_compiler_pic_works=yes
lt_cv_prog_compiler_pic_works_CXX=yes
lt_cv_prog_compiler_rtti_exceptions=no
lt_cv_prog_compiler_static_works=yes
lt_cv_prog_compiler_static_works_CXX=yes
lt_cv_prog_gnu_ld=yes
lt_cv_prog_gnu_ldcxx=yes
lt_cv_sharedlib_from_linklib_cmd='printf %s\n'
lt_cv_shlibpath_overrides_runpath=yes
lt_cv_sys_global_symbol_pipe='sed -n -e '\''s/^.*[	 ]\([ABCDGIRSTW][ABCDGIRSTW]*\)[	 ][	 ]*\([_A-Za-z][_A-Za-z0-9]*\)$/\1 \2 \2/p'\'' | sed '\''/ __gnu_lto/d'\'''
lt_cv_sys_global_symbol_to_c_name_address='sed -n -e '\''s/^: \(.*\) .*$/  {"\1", (void *) 0},/p'\'' -e '\''s/^[ABCDGIRSTW][ABCDGIRSTW]* .* \(.*\)$/  {"\1", (void *) \&\1},/p'\'''
lt_cv_sys_global_symbol_to_c_name_address_lib_prefix='sed -n -e '\''s/^: \(.*\) .*$/  {"\1", (void *) 0},/p'\'' -e '\''s/^[ABCDGIRSTW][ABCDGIRSTW]* .* \(lib.*\)$/  {"\1", (void *) \&\1},/p'\'' -e '\''s/^[ABCDGIRSTW][ABCDGIRSTW]* .* \(.*\)$/  {"lib\1", (void *) \&\1},/p'\'''
lt_cv_sys_global_symbol_to_cdecl='sed -n -e '\''s/^T .* \(.*\)$/extern int \1();/p'\'' -e '\''s/^[ABCDGIRSTW][ABCDGIRSTW]* .* \(.*\)$/extern char \1;/p'\'''
lt_cv_sys_global_symbol_to_import=
lt_cv_sys_max_cmd_len=1572864
lt_cv_to_host_file_cmd=func_convert_file_noop
lt_cv_to_tool_file_cmd=func_convert_file_noop
lt_cv_truncate_bin='/bin/dd bs=4096 count=1'

## ----------------- ##
## Output variables. ##
## ----------------- ##

ACLOCAL='${SHELL} /home/marc/pri36/src/lib/jpcre2-10.31.03/config/missing aclocal-1.16'
AMDEPBACKSLASH='\'
AMDEP_FALSE='#'
AMDEP_TRUE=''
AMTAR='$${TAR-tar}'
AM_BACKSLASH='\'
AM_DEFAULT_V='$(AM_DEFAULT_VERBOSITY)'
AM_DEFAULT_VERBOSITY='0'
AM_V='$(V)'
AR='ar'
AUTOCONF='${SHELL} /home/marc/pri36/src/lib/jpcre2-10.31.03/config/missing autoconf'
AUTOHEADER='${SHELL} /home/marc/pri36/src/lib/jpcre2-10.31.03/config/missing autoheader'
AUTOMAKE='${SHELL} /home/marc/pri36/src/lib/jpcre2-10.31.03/config/missing automake-1.16'
AWK='gawk'
CC='gcc'
CCDEPMODE='depmode=gcc3'
CFLAGS='-g -O2'
CPPFLAGS=''
CXX='g++'
CXXCPP='g++ -E'
CXXDEPMODE='depmode=gcc3'
CXXFLAGS='-g -O2'
CYGPATH_W='echo'
DEFS='-DPACKAGE_NAME=\"jpcre2\" -DPACKAGE_TARNAME=\"jpcre2\" -DPACKAGE_VERSION=\"10.31.03\" -DPACKAGE_STRING=\"jpcre2\ 10.31.03\" -DPACKAGE_BUGREPORT=\"https://github.com/jpcre2/jpcre2/issues\" -DPACKAGE_URL=\"\" -DPACKAGE=\"jpcre2\" -DVERSION=\"10.31.03\" -DSTDC_HEADERS=1 -DHAVE_SYS_TYPES_H=1 -DHAVE_SYS_STAT_H=1 -DHAVE_STDLIB_H=1 -DHAVE_STRING_H=1 -DHAVE_MEMORY_H=1 -DHAVE_STRINGS_H=1 -DHAVE_INTTYPES_H=1 -DHAVE_STDINT_H=1 -DHAVE_UNISTD_H=1 -DHAVE_DLFCN_H=1 -DLT_OBJDIR=\".libs/\" -DHAVE_STRING=1 -DHAVE_VECTOR=1 -DHAVE_MAP=1 -DHAVE_CSTDIO=1 -DHAVE_CLIMITS=1 -DHAVE_CSTDLIB=1 -DHAVE_FREE=1 -DSUPPORT_SILENT_RULES=/\*\*/'
DEPDIR='.deps'
DLLTOOL='false'
DSYMUTIL=''
DUMPBIN=''
ECHO_C=''
ECHO_N='-n'
ECHO_T=''
EGREP='/bin/grep -E'
EXEEXT=''
FGREP='/bin/grep -F'
GENHTML=''
GREP='/bin/grep'
HAVE_CXX11=''
INSTALL_DATA='${INSTALL} -m 644'
INSTALL_PROGRAM='${INSTALL}'
INSTALL_SCRIPT='${INSTALL}'
INSTALL_STRIP_PROGRAM='$(install_sh) -c -s'
LCOV=''
LD='/usr/bin/ld -m elf_x86_64'
LDFLAGS=''
LIBOBJS=''
LIBS=''
LIBTOOL='$(SHELL) $(top_builddir)/libtool'
LIPO=''
LN_S='ln -s'
LTLIBOBJS=''
LT_SYS_LIBRARY_PATH=''
MAKEINFO='${SHELL} /home/marc/pri36/src/lib/jpcre2-10.31.03/config/missing makeinfo'
MANIFEST_TOOL=':'
MKDIR_P='/bin/mkdir -p'
NM='/usr/bin/nm -B'
NMEDIT=''
OBJDUMP='objdump'
OBJEXT='o'
OTOOL64=''
OTOOL=''
PACKAGE='jpcre2'
PACKAGE_BUGREPORT='https://github.com/jpcre2/jpcre2/issues'
PACKAGE_NAME='jpcre2'
PACKAGE_STRING='jpcre2 10.31.03'
PACKAGE_TARNAME='jpcre2'
PACKAGE_URL=''
PACKAGE_VERSION='10.31.03'
PATH_SEPARATOR=':'
RANLIB='ranlib'
SED='/bin/sed'
SET_MAKE=''
SHELL='/bin/bash'
STRIP='strip'
VALGRIND=''
VERSION='10.31.03'
WITH_COVERAGE_FALSE=''
WITH_COVERAGE_TRUE='#'
WITH_CPP11_FALSE=''
WITH_CPP11_TRUE='#'
WITH_TEST_SUIT_FALSE=''
WITH_TEST_SUIT_TRUE='#'
WITH_THREAD_TEST_FALSE=''
WITH_THREAD_TEST_TRUE='#'
WITH_VALGRIND_FALSE=''
WITH_VALGRIND_TRUE='#'
ac_ct_AR='ar'
ac_ct_CC='gcc'
ac_ct_CXX='g++'
ac_ct_DUMPBIN=''
am__EXEEXT_FALSE=''
am__EXEEXT_TRUE='#'
am__fastdepCC_FALSE='#'
am__fastdepCC_TRUE=''
am__fastdepCXX_FALSE='#'
am__fastdepCXX_TRUE=''
am__include='include'
am__isrc=''
am__leading_dot='.'
am__nodep='_no'
am__quote=''
am__tar='$${TAR-tar} chof - "$$tardir"'
am__untar='$${TAR-tar} xf -'
bindir='${exec_prefix}/bin'
build='x86_64-pc-linux-gnu'
build_alias=''
build_cpu='x86_64'
build_os='linux-gnu'
build_vendor='pc'
datadir='${datarootdir}'
datarootdir='${prefix}/share'
docdir='${datarootdir}/doc/${PACKAGE_TARNAME}'
dvidir='${docdir}'
enable_coverage='no'
enable_cpp11='no'
enable_silent_rules='yes'
enable_test='no'
enable_thread_check='no'
enable_valgrind='no'
exec_prefix='${prefix}'
host='x86_64-pc-linux-gnu'
host_alias=''
host_cpu='x86_64'
host_os='linux-gnu'
host_vendor='pc'
htmldir='${docdir}'
includedir='${prefix}/include'
infodir='${datarootdir}/info'
install_sh='${SHELL} /home/marc/pri36/src/lib/jpcre2-10.31.03/config/install-sh'
libdir='${exec_prefix}/lib'
libexecdir='${exec_prefix}/libexec'
localedir='${datarootdir}/locale'
localstatedir='${prefix}/var'
mandir='${datarootdir}/man'
mkdir_p='$(MKDIR_P)'
oldincludedir='/usr/include'
pdfdir='${docdir}'
prefix='/usr/local'
program_transform_name='s,x,x,'
psdir='${docdir}'
runstatedir='${localstatedir}/run'
sbindir='${exec_prefix}/sbin'
sharedstatedir='${prefix}/com'
sysconfdir='${prefix}/etc'
target_alias=''

## ----------- ##
## confdefs.h. ##
## ----------- ##

/* confdefs.h */
#define PACKAGE_NAME "jpcre2"
#define PACKAGE_TARNAME "jpcre2"
#define PACKAGE_VERSION "10.31.03"
#define PACKAGE_STRING "jpcre2 10.31.03"
#define PACKAGE_BUGREPORT "https://github.com/jpcre2/jpcre2/issues"
#define PACKAGE_URL ""
#define PACKAGE "jpcre2"
#define VERSION "10.31.03"
#define STDC_HEADERS 1
#define HAVE_SYS_TYPES_H 1
#define HAVE_SYS_STAT_H 1
#define HAVE_STDLIB_H 1
#define HAVE_STRING_H 1
#define HAVE_MEMORY_H 1
#define HAVE_STRINGS_H 1
#define HAVE_INTTYPES_H 1
#define HAVE_STDINT_H 1
#define HAVE_UNISTD_H 1
#define HAVE_DLFCN_H 1
#define LT_OBJDIR ".libs/"
#define HAVE_STRING 1
#define HAVE_VECTOR 1
#define HAVE_MAP 1
#define HAVE_CSTDIO 1
#define HAVE_CLIMITS 1
#define HAVE_CSTDLIB 1
#define HAVE_FREE 1
#define SUPPORT_SILENT_RULES /**/

configure: exit 0

## ---------------------- ##
## Running config.status. ##
## ---------------------- ##

This file was extended by jpcre2 config.status 10.31.03, which was
generated by GNU Autoconf 2.69.  Invocation command line was

  CONFIG_FILES    = 
  CONFIG_HEADERS  = 
  CONFIG_LINKS    = 
  CONFIG_COMMANDS = 
  $ ./config.status 

on debian

config.status:1087: creating Makefile
config.status:1087: creating src/Makefile
config.status:1259: executing depfiles commands
config.status:1336: cd src       && sed -e '/# am--include-marker/d' Makefile         | make -f - am--depfiles
make: Nothing to be done for 'am--depfiles'.
config.status:1341: $? = 0
config.status:1259: executing libtool commands
